2023-12-31 02:45:55,193 - INFO - Adding job tentatively -- it will be properly scheduled when the scheduler starts
2023-12-31 02:45:55,193 - INFO - Added job "delete_expired_files" to job store "default"
2023-12-31 02:45:55,193 - INFO - Scheduler started
2023-12-31 02:47:02,934 - INFO - Adding job tentatively -- it will be properly scheduled when the scheduler starts
2023-12-31 02:47:02,934 - INFO - Added job "delete_expired_files" to job store "default"
2023-12-31 02:47:02,934 - INFO - Scheduler started
2023-12-31 02:47:11,934 - INFO - Adding job tentatively -- it will be properly scheduled when the scheduler starts
2023-12-31 02:47:11,935 - INFO - Added job "delete_expired_files" to job store "default"
2023-12-31 02:47:11,935 - INFO - Scheduler started
2023-12-31 02:47:15,153 - INFO - Adding job tentatively -- it will be properly scheduled when the scheduler starts
2023-12-31 02:47:15,154 - INFO - Added job "delete_expired_files" to job store "default"
2023-12-31 02:47:15,154 - INFO - Scheduler started
2023-12-31 02:47:18,830 - INFO - Adding job tentatively -- it will be properly scheduled when the scheduler starts
2023-12-31 02:47:18,830 - INFO - Added job "delete_expired_files" to job store "default"
2023-12-31 02:47:18,830 - INFO - Scheduler started
2023-12-31 02:47:22,545 - INFO - Adding job tentatively -- it will be properly scheduled when the scheduler starts
2023-12-31 02:47:22,545 - INFO - Added job "delete_expired_files" to job store "default"
2023-12-31 02:47:22,545 - INFO - Scheduler started
2023-12-31 02:47:31,405 - INFO - Adding job tentatively -- it will be properly scheduled when the scheduler starts
2023-12-31 02:47:31,405 - INFO - Added job "delete_expired_files" to job store "default"
2023-12-31 02:47:31,405 - INFO - Scheduler started
2023-12-31 02:47:43,424 - INFO - Adding job tentatively -- it will be properly scheduled when the scheduler starts
2023-12-31 02:47:43,424 - INFO - Added job "delete_expired_files" to job store "default"
2023-12-31 02:47:43,424 - INFO - Scheduler started
2023-12-31 02:47:45,946 - INFO - Adding job tentatively -- it will be properly scheduled when the scheduler starts
2023-12-31 02:47:45,947 - INFO - Added job "delete_expired_files" to job store "default"
2023-12-31 02:47:45,947 - INFO - Scheduler started
2023-12-31 02:48:06,936 - INFO - Adding job tentatively -- it will be properly scheduled when the scheduler starts
2023-12-31 02:48:06,937 - INFO - Added job "delete_expired_files" to job store "default"
2023-12-31 02:48:06,937 - INFO - Scheduler started
2023-12-31 02:48:11,741 - INFO - Adding job tentatively -- it will be properly scheduled when the scheduler starts
2023-12-31 02:48:11,742 - INFO - Added job "delete_expired_files" to job store "default"
2023-12-31 02:48:11,742 - INFO - Scheduler started
2023-12-31 02:48:15,290 - INFO - Adding job tentatively -- it will be properly scheduled when the scheduler starts
2023-12-31 02:48:15,291 - INFO - Added job "delete_expired_files" to job store "default"
2023-12-31 02:48:15,291 - INFO - Scheduler started
2023-12-31 02:48:20,123 - INFO - Adding job tentatively -- it will be properly scheduled when the scheduler starts
2023-12-31 02:48:20,123 - INFO - Added job "delete_expired_files" to job store "default"
2023-12-31 02:48:20,123 - INFO - Scheduler started
2023-12-31 02:48:23,162 - INFO - Adding job tentatively -- it will be properly scheduled when the scheduler starts
2023-12-31 02:48:23,163 - INFO - Added job "delete_expired_files" to job store "default"
2023-12-31 02:48:23,163 - INFO - Scheduler started
2023-12-31 02:48:28,373 - INFO - Adding job tentatively -- it will be properly scheduled when the scheduler starts
2023-12-31 02:48:28,373 - INFO - Added job "delete_expired_files" to job store "default"
2023-12-31 02:48:28,373 - INFO - Scheduler started
2023-12-31 02:48:40,728 - INFO - Adding job tentatively -- it will be properly scheduled when the scheduler starts
2023-12-31 02:48:40,728 - INFO - Added job "delete_expired_files" to job store "default"
2023-12-31 02:48:40,728 - INFO - Scheduler started
2023-12-31 02:48:45,488 - INFO - Adding job tentatively -- it will be properly scheduled when the scheduler starts
2023-12-31 02:48:45,488 - INFO - Added job "delete_expired_files" to job store "default"
2023-12-31 02:48:45,489 - INFO - Scheduler started
2023-12-31 02:48:49,597 - INFO - Adding job tentatively -- it will be properly scheduled when the scheduler starts
2023-12-31 02:48:49,598 - INFO - Added job "delete_expired_files" to job store "default"
2023-12-31 02:48:49,598 - INFO - Scheduler started
2023-12-31 02:48:54,054 - INFO - Adding job tentatively -- it will be properly scheduled when the scheduler starts
2023-12-31 02:48:54,054 - INFO - Added job "delete_expired_files" to job store "default"
2023-12-31 02:48:54,054 - INFO - Scheduler started
2023-12-31 02:48:57,227 - INFO - Adding job tentatively -- it will be properly scheduled when the scheduler starts
2023-12-31 02:48:57,228 - INFO - Added job "delete_expired_files" to job store "default"
2023-12-31 02:48:57,228 - INFO - Scheduler started
2023-12-31 02:49:00,504 - INFO - Adding job tentatively -- it will be properly scheduled when the scheduler starts
2023-12-31 02:49:00,504 - INFO - Added job "delete_expired_files" to job store "default"
2023-12-31 02:49:00,504 - INFO - Scheduler started
2023-12-31 02:49:17,708 - INFO - Adding job tentatively -- it will be properly scheduled when the scheduler starts
2023-12-31 02:49:17,708 - INFO - Added job "delete_expired_files" to job store "default"
2023-12-31 02:49:17,708 - INFO - Scheduler started
2023-12-31 02:49:19,199 - INFO - Adding job tentatively -- it will be properly scheduled when the scheduler starts
2023-12-31 02:49:19,199 - INFO - Added job "delete_expired_files" to job store "default"
2023-12-31 02:49:19,199 - INFO - Scheduler started
2023-12-31 02:49:24,956 - INFO - Adding job tentatively -- it will be properly scheduled when the scheduler starts
2023-12-31 02:49:24,956 - INFO - Added job "delete_expired_files" to job store "default"
2023-12-31 02:49:24,957 - INFO - Scheduler started
2023-12-31 02:49:33,662 - INFO - Adding job tentatively -- it will be properly scheduled when the scheduler starts
2023-12-31 02:49:33,662 - INFO - Added job "delete_expired_files" to job store "default"
2023-12-31 02:49:33,662 - INFO - Scheduler started
2023-12-31 02:49:40,597 - INFO - Adding job tentatively -- it will be properly scheduled when the scheduler starts
2023-12-31 02:49:40,598 - INFO - Added job "delete_expired_files" to job store "default"
2023-12-31 02:49:40,598 - INFO - Scheduler started
2023-12-31 02:49:55,229 - INFO - Adding job tentatively -- it will be properly scheduled when the scheduler starts
2023-12-31 02:49:55,229 - INFO - Added job "delete_expired_files" to job store "default"
2023-12-31 02:49:55,229 - INFO - Scheduler started
2023-12-31 02:49:59,111 - INFO - Adding job tentatively -- it will be properly scheduled when the scheduler starts
2023-12-31 02:49:59,111 - INFO - Added job "delete_expired_files" to job store "default"
2023-12-31 02:49:59,111 - INFO - Scheduler started
2023-12-31 02:50:03,929 - INFO - Adding job tentatively -- it will be properly scheduled when the scheduler starts
2023-12-31 02:50:03,929 - INFO - Added job "delete_expired_files" to job store "default"
2023-12-31 02:50:03,929 - INFO - Scheduler started
2023-12-31 02:50:09,507 - INFO - Adding job tentatively -- it will be properly scheduled when the scheduler starts
2023-12-31 02:50:09,507 - INFO - Added job "delete_expired_files" to job store "default"
2023-12-31 02:50:09,507 - INFO - Scheduler started
2023-12-31 02:50:14,363 - INFO - Adding job tentatively -- it will be properly scheduled when the scheduler starts
2023-12-31 02:50:14,365 - INFO - Added job "delete_expired_files" to job store "default"
2023-12-31 02:50:14,365 - INFO - Scheduler started
2023-12-31 02:52:42,366 - INFO - User from authenticate_user: <main.User object at 0x0000020F5912EA80>
2023-12-31 02:52:54,624 - INFO - User from authenticate_user: <main.User object at 0x0000020F59053FE0>
2023-12-31 02:53:22,258 - INFO - Saving file to path: C:\src\FASTapi\folder\54accd690d648078.png
2023-12-31 02:53:22,262 - INFO - File saved successfully
2023-12-31 02:53:59,163 - INFO - Attempting to delete file from path: C:\src\FASTapi\folder\54accd690d648078.png
2023-12-31 02:53:59,163 - INFO - File deleted from the server.
2023-12-31 17:30:26,037 - INFO - Adding job tentatively -- it will be properly scheduled when the scheduler starts
2023-12-31 17:30:26,037 - INFO - Added job "delete_expired_files" to job store "default"
2023-12-31 17:30:26,037 - INFO - Scheduler started
2023-12-31 17:36:20,291 - INFO - Adding job tentatively -- it will be properly scheduled when the scheduler starts
2023-12-31 17:36:20,291 - INFO - Added job "delete_expired_files" to job store "default"
2023-12-31 17:36:20,292 - INFO - Scheduler started
2023-12-31 17:37:33,583 - INFO - Adding job tentatively -- it will be properly scheduled when the scheduler starts
2023-12-31 17:37:33,583 - INFO - Added job "delete_expired_files" to job store "default"
2023-12-31 17:37:33,583 - INFO - Scheduler started
2023-12-31 17:39:36,007 - INFO - Adding job tentatively -- it will be properly scheduled when the scheduler starts
2023-12-31 17:39:36,007 - INFO - Added job "delete_expired_files" to job store "default"
2023-12-31 17:39:36,007 - INFO - Scheduler started
2023-12-31 17:40:22,393 - INFO - Adding job tentatively -- it will be properly scheduled when the scheduler starts
2023-12-31 17:40:22,393 - INFO - Added job "delete_expired_files" to job store "default"
2023-12-31 17:40:22,393 - INFO - Scheduler started
2023-12-31 17:45:03,350 - INFO - Adding job tentatively -- it will be properly scheduled when the scheduler starts
2023-12-31 17:45:03,350 - INFO - Added job "delete_expired_files" to job store "default"
2023-12-31 17:45:03,350 - INFO - Scheduler started
2023-12-31 17:48:18,141 - INFO - Adding job tentatively -- it will be properly scheduled when the scheduler starts
2023-12-31 17:48:18,141 - INFO - Added job "delete_expired_files" to job store "default"
2023-12-31 17:48:18,141 - INFO - Scheduler started
2023-12-31 17:48:39,482 - INFO - Adding job tentatively -- it will be properly scheduled when the scheduler starts
2023-12-31 17:48:39,482 - INFO - Added job "delete_expired_files" to job store "default"
2023-12-31 17:48:39,482 - INFO - Scheduler started
2023-12-31 17:49:04,462 - INFO - Adding job tentatively -- it will be properly scheduled when the scheduler starts
2023-12-31 17:49:04,462 - INFO - Added job "delete_expired_files" to job store "default"
2023-12-31 17:49:04,462 - INFO - Scheduler started
2023-12-31 17:49:14,739 - INFO - Adding job tentatively -- it will be properly scheduled when the scheduler starts
2023-12-31 17:49:14,740 - INFO - Added job "delete_expired_files" to job store "default"
2023-12-31 17:49:14,740 - INFO - Scheduler started
2023-12-31 17:50:17,229 - INFO - Adding job tentatively -- it will be properly scheduled when the scheduler starts
2023-12-31 17:50:17,229 - INFO - Added job "delete_expired_files" to job store "default"
2023-12-31 17:50:17,229 - INFO - Scheduler started
2023-12-31 17:51:25,416 - INFO - Adding job tentatively -- it will be properly scheduled when the scheduler starts
2023-12-31 17:51:25,416 - INFO - Added job "delete_expired_files" to job store "default"
2023-12-31 17:51:25,416 - INFO - Scheduler started
2023-12-31 17:51:34,431 - INFO - Adding job tentatively -- it will be properly scheduled when the scheduler starts
2023-12-31 17:51:34,431 - INFO - Added job "delete_expired_files" to job store "default"
2023-12-31 17:51:34,431 - INFO - Scheduler started
2023-12-31 17:57:17,981 - INFO - Adding job tentatively -- it will be properly scheduled when the scheduler starts
2023-12-31 17:57:17,984 - INFO - Added job "delete_expired_files" to job store "default"
2023-12-31 17:57:17,984 - INFO - Scheduler started
2023-12-31 17:58:19,384 - INFO - Adding job tentatively -- it will be properly scheduled when the scheduler starts
2023-12-31 17:58:19,384 - INFO - Added job "delete_expired_files" to job store "default"
2023-12-31 17:58:19,384 - INFO - Scheduler started
2023-12-31 18:01:02,162 - INFO - User from authenticate_user: <main.User object at 0x000001366DD97740>
2023-12-31 18:02:14,794 - INFO - Adding job tentatively -- it will be properly scheduled when the scheduler starts
2023-12-31 18:02:14,794 - INFO - Added job "delete_expired_files" to job store "default"
2023-12-31 18:02:14,794 - INFO - Scheduler started
2023-12-31 18:09:45,206 - INFO - Adding job tentatively -- it will be properly scheduled when the scheduler starts
2023-12-31 18:09:45,206 - INFO - Added job "delete_expired_files" to job store "default"
2023-12-31 18:09:45,206 - INFO - Scheduler started
2023-12-31 18:09:50,791 - INFO - Adding job tentatively -- it will be properly scheduled when the scheduler starts
2023-12-31 18:09:50,791 - INFO - Added job "delete_expired_files" to job store "default"
2023-12-31 18:09:50,791 - INFO - Scheduler started
2023-12-31 18:09:57,708 - INFO - Adding job tentatively -- it will be properly scheduled when the scheduler starts
2023-12-31 18:09:57,708 - INFO - Added job "delete_expired_files" to job store "default"
2023-12-31 18:09:57,708 - INFO - Scheduler started
2023-12-31 18:10:01,613 - INFO - Adding job tentatively -- it will be properly scheduled when the scheduler starts
2023-12-31 18:10:01,614 - INFO - Added job "delete_expired_files" to job store "default"
2023-12-31 18:10:01,614 - INFO - Scheduler started
2023-12-31 18:10:06,823 - INFO - Adding job tentatively -- it will be properly scheduled when the scheduler starts
2023-12-31 18:10:06,823 - INFO - Added job "delete_expired_files" to job store "default"
2023-12-31 18:10:06,823 - INFO - Scheduler started
2023-12-31 18:13:01,087 - INFO - Adding job tentatively -- it will be properly scheduled when the scheduler starts
2023-12-31 18:13:01,087 - INFO - Added job "delete_expired_files" to job store "default"
2023-12-31 18:13:01,087 - INFO - Scheduler started
2023-12-31 18:13:11,154 - INFO - Adding job tentatively -- it will be properly scheduled when the scheduler starts
2023-12-31 18:13:11,154 - INFO - Added job "delete_expired_files" to job store "default"
2023-12-31 18:13:11,154 - INFO - Scheduler started
2023-12-31 18:13:34,713 - INFO - Adding job tentatively -- it will be properly scheduled when the scheduler starts
2023-12-31 18:13:34,713 - INFO - Added job "delete_expired_files" to job store "default"
2023-12-31 18:13:34,713 - INFO - Scheduler started
2023-12-31 18:14:37,184 - INFO - Adding job tentatively -- it will be properly scheduled when the scheduler starts
2023-12-31 18:14:37,184 - INFO - Added job "delete_expired_files" to job store "default"
2023-12-31 18:14:37,184 - INFO - Scheduler started
2023-12-31 18:14:39,068 - INFO - Adding job tentatively -- it will be properly scheduled when the scheduler starts
2023-12-31 18:14:39,076 - INFO - Added job "delete_expired_files" to job store "default"
2023-12-31 18:14:39,076 - INFO - Scheduler started
2023-12-31 18:14:40,976 - INFO - Adding job tentatively -- it will be properly scheduled when the scheduler starts
2023-12-31 18:14:40,976 - INFO - Added job "delete_expired_files" to job store "default"
2023-12-31 18:14:40,976 - INFO - Scheduler started
2023-12-31 18:16:38,882 - INFO - Adding job tentatively -- it will be properly scheduled when the scheduler starts
2023-12-31 18:16:38,882 - INFO - Added job "delete_expired_files" to job store "default"
2023-12-31 18:16:38,882 - INFO - Scheduler started
2023-12-31 18:16:40,823 - INFO - Adding job tentatively -- it will be properly scheduled when the scheduler starts
2023-12-31 18:16:40,823 - INFO - Added job "delete_expired_files" to job store "default"
2023-12-31 18:16:40,823 - INFO - Scheduler started
2023-12-31 18:17:02,472 - INFO - Adding job tentatively -- it will be properly scheduled when the scheduler starts
2023-12-31 18:17:02,474 - INFO - Added job "delete_expired_files" to job store "default"
2023-12-31 18:17:02,474 - INFO - Scheduler started
2023-12-31 18:17:04,166 - INFO - Adding job tentatively -- it will be properly scheduled when the scheduler starts
2023-12-31 18:17:04,166 - INFO - Added job "delete_expired_files" to job store "default"
2023-12-31 18:17:04,166 - INFO - Scheduler started
2023-12-31 18:17:05,879 - INFO - Adding job tentatively -- it will be properly scheduled when the scheduler starts
2023-12-31 18:17:05,879 - INFO - Added job "delete_expired_files" to job store "default"
2023-12-31 18:17:05,879 - INFO - Scheduler started
2023-12-31 18:17:08,266 - INFO - Adding job tentatively -- it will be properly scheduled when the scheduler starts
2023-12-31 18:17:08,266 - INFO - Added job "delete_expired_files" to job store "default"
2023-12-31 18:17:08,266 - INFO - Scheduler started
2023-12-31 18:17:10,059 - INFO - Adding job tentatively -- it will be properly scheduled when the scheduler starts
2023-12-31 18:17:10,059 - INFO - Added job "delete_expired_files" to job store "default"
2023-12-31 18:17:10,059 - INFO - Scheduler started
2023-12-31 18:26:01,780 - INFO - Adding job tentatively -- it will be properly scheduled when the scheduler starts
2023-12-31 18:26:01,780 - INFO - Added job "delete_expired_files" to job store "default"
2023-12-31 18:26:01,780 - INFO - Scheduler started
2023-12-31 18:26:05,318 - INFO - Adding job tentatively -- it will be properly scheduled when the scheduler starts
2023-12-31 18:26:05,318 - INFO - Added job "delete_expired_files" to job store "default"
2023-12-31 18:26:05,318 - INFO - Scheduler started
2023-12-31 18:27:18,614 - INFO - Adding job tentatively -- it will be properly scheduled when the scheduler starts
2023-12-31 18:27:18,614 - INFO - Added job "delete_expired_files" to job store "default"
2023-12-31 18:27:18,614 - INFO - Scheduler started
2023-12-31 18:28:24,383 - INFO - Adding job tentatively -- it will be properly scheduled when the scheduler starts
2023-12-31 18:28:24,383 - INFO - Added job "delete_expired_files" to job store "default"
2023-12-31 18:28:24,383 - INFO - Scheduler started
2023-12-31 18:29:23,227 - INFO - Adding job tentatively -- it will be properly scheduled when the scheduler starts
2023-12-31 18:29:23,227 - INFO - Added job "delete_expired_files" to job store "default"
2023-12-31 18:29:23,227 - INFO - Scheduler started
2023-12-31 18:30:32,217 - INFO - Adding job tentatively -- it will be properly scheduled when the scheduler starts
2023-12-31 18:30:32,217 - INFO - Added job "delete_expired_files" to job store "default"
2023-12-31 18:30:32,217 - INFO - Scheduler started
2023-12-31 18:30:37,247 - INFO - Adding job tentatively -- it will be properly scheduled when the scheduler starts
2023-12-31 18:30:37,247 - INFO - Added job "delete_expired_files" to job store "default"
2023-12-31 18:30:37,247 - INFO - Scheduler started
2023-12-31 18:30:42,052 - INFO - Adding job tentatively -- it will be properly scheduled when the scheduler starts
2023-12-31 18:30:42,052 - INFO - Added job "delete_expired_files" to job store "default"
2023-12-31 18:30:42,052 - INFO - Scheduler started
2023-12-31 18:31:48,866 - INFO - Adding job tentatively -- it will be properly scheduled when the scheduler starts
2023-12-31 18:31:48,866 - INFO - Added job "delete_expired_files" to job store "default"
2023-12-31 18:31:48,866 - INFO - Scheduler started
2023-12-31 18:32:34,804 - INFO - Adding job tentatively -- it will be properly scheduled when the scheduler starts
2023-12-31 18:32:34,804 - INFO - Added job "delete_expired_files" to job store "default"
2023-12-31 18:32:34,804 - INFO - Scheduler started
2023-12-31 18:33:16,566 - INFO - Adding job tentatively -- it will be properly scheduled when the scheduler starts
2023-12-31 18:33:16,566 - INFO - Added job "delete_expired_files" to job store "default"
2023-12-31 18:33:16,566 - INFO - Scheduler started
2023-12-31 18:33:22,934 - INFO - Adding job tentatively -- it will be properly scheduled when the scheduler starts
2023-12-31 18:33:22,934 - INFO - Added job "delete_expired_files" to job store "default"
2023-12-31 18:33:22,934 - INFO - Scheduler started
2023-12-31 18:34:44,474 - INFO - Adding job tentatively -- it will be properly scheduled when the scheduler starts
2023-12-31 18:34:44,474 - INFO - Added job "delete_expired_files" to job store "default"
2023-12-31 18:34:44,474 - INFO - Scheduler started
2023-12-31 18:35:33,900 - INFO - Adding job tentatively -- it will be properly scheduled when the scheduler starts
2023-12-31 18:35:33,900 - INFO - Added job "delete_expired_files" to job store "default"
2023-12-31 18:35:33,900 - INFO - Scheduler started
2023-12-31 18:35:56,465 - INFO - Adding job tentatively -- it will be properly scheduled when the scheduler starts
2023-12-31 18:35:56,465 - INFO - Added job "delete_expired_files" to job store "default"
2023-12-31 18:35:56,465 - INFO - Scheduler started
2023-12-31 18:37:58,724 - INFO - Adding job tentatively -- it will be properly scheduled when the scheduler starts
2023-12-31 18:37:58,724 - INFO - Added job "delete_expired_files" to job store "default"
2023-12-31 18:37:58,724 - INFO - Scheduler started
2023-12-31 18:39:26,027 - INFO - Adding job tentatively -- it will be properly scheduled when the scheduler starts
2023-12-31 18:39:26,027 - INFO - Added job "delete_expired_files" to job store "default"
2023-12-31 18:39:26,027 - INFO - Scheduler started
2023-12-31 18:39:27,856 - INFO - Adding job tentatively -- it will be properly scheduled when the scheduler starts
2023-12-31 18:39:27,856 - INFO - Added job "delete_expired_files" to job store "default"
2023-12-31 18:39:27,856 - INFO - Scheduler started
2023-12-31 18:39:32,432 - INFO - Adding job tentatively -- it will be properly scheduled when the scheduler starts
2023-12-31 18:39:32,432 - INFO - Added job "delete_expired_files" to job store "default"
2023-12-31 18:39:32,432 - INFO - Scheduler started
2023-12-31 18:39:36,662 - INFO - Adding job tentatively -- it will be properly scheduled when the scheduler starts
2023-12-31 18:39:36,662 - INFO - Added job "delete_expired_files" to job store "default"
2023-12-31 18:39:36,662 - INFO - Scheduler started
2023-12-31 18:39:50,667 - INFO - Adding job tentatively -- it will be properly scheduled when the scheduler starts
2023-12-31 18:39:50,667 - INFO - Added job "delete_expired_files" to job store "default"
2023-12-31 18:39:50,667 - INFO - Scheduler started
2023-12-31 18:39:52,543 - INFO - Adding job tentatively -- it will be properly scheduled when the scheduler starts
2023-12-31 18:39:52,543 - INFO - Added job "delete_expired_files" to job store "default"
2023-12-31 18:39:52,543 - INFO - Scheduler started
2023-12-31 18:39:54,371 - INFO - Adding job tentatively -- it will be properly scheduled when the scheduler starts
2023-12-31 18:39:54,371 - INFO - Added job "delete_expired_files" to job store "default"
2023-12-31 18:39:54,371 - INFO - Scheduler started
2023-12-31 18:40:37,916 - INFO - Adding job tentatively -- it will be properly scheduled when the scheduler starts
2023-12-31 18:40:37,917 - INFO - Added job "delete_expired_files" to job store "default"
2023-12-31 18:40:37,917 - INFO - Scheduler started
2023-12-31 18:41:16,765 - INFO - Adding job tentatively -- it will be properly scheduled when the scheduler starts
2023-12-31 18:41:16,765 - INFO - Added job "delete_expired_files" to job store "default"
2023-12-31 18:41:16,765 - INFO - Scheduler started
2023-12-31 18:41:35,248 - INFO - Adding job tentatively -- it will be properly scheduled when the scheduler starts
2023-12-31 18:41:35,248 - INFO - Added job "delete_expired_files" to job store "default"
2023-12-31 18:41:35,248 - INFO - Scheduler started
2023-12-31 18:41:51,111 - INFO - Adding job tentatively -- it will be properly scheduled when the scheduler starts
2023-12-31 18:41:51,111 - INFO - Added job "delete_expired_files" to job store "default"
2023-12-31 18:41:51,111 - INFO - Scheduler started
2023-12-31 18:43:14,562 - INFO - Adding job tentatively -- it will be properly scheduled when the scheduler starts
2023-12-31 18:43:14,569 - INFO - Added job "delete_expired_files" to job store "default"
2023-12-31 18:43:14,569 - INFO - Scheduler started
2023-12-31 18:44:31,901 - INFO - Adding job tentatively -- it will be properly scheduled when the scheduler starts
2023-12-31 18:44:31,902 - INFO - Added job "delete_expired_files" to job store "default"
2023-12-31 18:44:31,902 - INFO - Scheduler started
2023-12-31 18:45:33,087 - INFO - Adding job tentatively -- it will be properly scheduled when the scheduler starts
2023-12-31 18:45:33,087 - INFO - Added job "delete_expired_files" to job store "default"
2023-12-31 18:45:33,087 - INFO - Scheduler started
2023-12-31 18:46:15,576 - INFO - Adding job tentatively -- it will be properly scheduled when the scheduler starts
2023-12-31 18:46:15,576 - INFO - Added job "delete_expired_files" to job store "default"
2023-12-31 18:46:15,576 - INFO - Scheduler started
2023-12-31 18:47:49,811 - INFO - Adding job tentatively -- it will be properly scheduled when the scheduler starts
2023-12-31 18:47:49,811 - INFO - Added job "delete_expired_files" to job store "default"
2023-12-31 18:47:49,811 - INFO - Scheduler started
2023-12-31 18:49:27,369 - INFO - Adding job tentatively -- it will be properly scheduled when the scheduler starts
2023-12-31 18:49:27,369 - INFO - Added job "delete_expired_files" to job store "default"
2023-12-31 18:49:27,369 - INFO - Scheduler started
2023-12-31 18:49:38,451 - INFO - Adding job tentatively -- it will be properly scheduled when the scheduler starts
2023-12-31 18:49:38,452 - INFO - Added job "delete_expired_files" to job store "default"
2023-12-31 18:49:38,452 - INFO - Scheduler started
2023-12-31 18:49:41,554 - INFO - Adding job tentatively -- it will be properly scheduled when the scheduler starts
2023-12-31 18:49:41,558 - INFO - Added job "delete_expired_files" to job store "default"
2023-12-31 18:49:41,558 - INFO - Scheduler started
2023-12-31 18:49:43,664 - INFO - Adding job tentatively -- it will be properly scheduled when the scheduler starts
2023-12-31 18:49:43,664 - INFO - Added job "delete_expired_files" to job store "default"
2023-12-31 18:49:43,664 - INFO - Scheduler started
2023-12-31 18:50:42,675 - INFO - Adding job tentatively -- it will be properly scheduled when the scheduler starts
2023-12-31 18:50:42,675 - INFO - Added job "delete_expired_files" to job store "default"
2023-12-31 18:50:42,675 - INFO - Scheduler started
2023-12-31 18:51:03,701 - INFO - Adding job tentatively -- it will be properly scheduled when the scheduler starts
2023-12-31 18:51:03,701 - INFO - Added job "delete_expired_files" to job store "default"
2023-12-31 18:51:03,701 - INFO - Scheduler started
2023-12-31 18:54:38,827 - INFO - Adding job tentatively -- it will be properly scheduled when the scheduler starts
2023-12-31 18:54:38,827 - INFO - Added job "delete_expired_files" to job store "default"
2023-12-31 18:54:38,827 - INFO - Scheduler started
2023-12-31 18:54:41,884 - INFO - Adding job tentatively -- it will be properly scheduled when the scheduler starts
2023-12-31 18:54:41,884 - INFO - Added job "delete_expired_files" to job store "default"
2023-12-31 18:54:41,884 - INFO - Scheduler started
2023-12-31 18:54:53,453 - INFO - Adding job tentatively -- it will be properly scheduled when the scheduler starts
2023-12-31 18:54:53,453 - INFO - Added job "delete_expired_files" to job store "default"
2023-12-31 18:54:53,453 - INFO - Scheduler started
2023-12-31 18:56:15,558 - INFO - Adding job tentatively -- it will be properly scheduled when the scheduler starts
2023-12-31 18:56:15,559 - INFO - Added job "delete_expired_files" to job store "default"
2023-12-31 18:56:15,559 - INFO - Scheduler started
2023-12-31 18:57:38,852 - INFO - Adding job tentatively -- it will be properly scheduled when the scheduler starts
2023-12-31 18:57:38,852 - INFO - Added job "delete_expired_files" to job store "default"
2023-12-31 18:57:38,852 - INFO - Scheduler started
2024-01-01 11:21:42,201 - INFO - Adding job tentatively -- it will be properly scheduled when the scheduler starts
2024-01-01 11:21:42,201 - INFO - Added job "delete_expired_files" to job store "default"
2024-01-01 11:21:42,201 - INFO - Scheduler started
2024-01-01 11:21:43,782 - INFO - Adding job tentatively -- it will be properly scheduled when the scheduler starts
2024-01-01 11:21:43,784 - INFO - Added job "delete_expired_files" to job store "default"
2024-01-01 11:21:43,784 - INFO - Scheduler started
2024-01-01 11:21:54,976 - INFO - Adding job tentatively -- it will be properly scheduled when the scheduler starts
2024-01-01 11:21:54,976 - INFO - Added job "delete_expired_files" to job store "default"
2024-01-01 11:21:54,976 - INFO - Scheduler started
2024-01-01 11:21:59,515 - INFO - Adding job tentatively -- it will be properly scheduled when the scheduler starts
2024-01-01 11:21:59,515 - INFO - Added job "delete_expired_files" to job store "default"
2024-01-01 11:21:59,515 - INFO - Scheduler started
2024-01-01 11:23:52,079 - INFO - Adding job tentatively -- it will be properly scheduled when the scheduler starts
2024-01-01 11:23:52,079 - INFO - Added job "delete_expired_files" to job store "default"
2024-01-01 11:23:52,079 - INFO - Scheduler started
2024-01-01 11:23:54,932 - INFO - Adding job tentatively -- it will be properly scheduled when the scheduler starts
2024-01-01 11:23:54,932 - INFO - Added job "delete_expired_files" to job store "default"
2024-01-01 11:23:54,932 - INFO - Scheduler started
2024-01-01 11:23:59,703 - INFO - Adding job tentatively -- it will be properly scheduled when the scheduler starts
2024-01-01 11:23:59,703 - INFO - Added job "delete_expired_files" to job store "default"
2024-01-01 11:23:59,703 - INFO - Scheduler started
2024-01-01 11:24:03,743 - INFO - Adding job tentatively -- it will be properly scheduled when the scheduler starts
2024-01-01 11:24:03,743 - INFO - Added job "delete_expired_files" to job store "default"
2024-01-01 11:24:03,743 - INFO - Scheduler started
2024-01-01 11:25:53,274 - INFO - Adding job tentatively -- it will be properly scheduled when the scheduler starts
2024-01-01 11:25:53,274 - INFO - Added job "delete_expired_files" to job store "default"
2024-01-01 11:25:53,274 - INFO - Scheduler started
2024-01-01 11:26:57,510 - INFO - Adding job tentatively -- it will be properly scheduled when the scheduler starts
2024-01-01 11:26:57,510 - INFO - Added job "delete_expired_files" to job store "default"
2024-01-01 11:26:57,510 - INFO - Scheduler started
2024-01-01 11:27:00,421 - INFO - Adding job tentatively -- it will be properly scheduled when the scheduler starts
2024-01-01 11:27:00,421 - INFO - Added job "delete_expired_files" to job store "default"
2024-01-01 11:27:00,421 - INFO - Scheduler started
2024-01-01 11:27:01,954 - INFO - Adding job tentatively -- it will be properly scheduled when the scheduler starts
2024-01-01 11:27:01,954 - INFO - Added job "delete_expired_files" to job store "default"
2024-01-01 11:27:01,954 - INFO - Scheduler started
2024-01-01 11:27:05,115 - INFO - Adding job tentatively -- it will be properly scheduled when the scheduler starts
2024-01-01 11:27:05,115 - INFO - Added job "delete_expired_files" to job store "default"
2024-01-01 11:27:05,115 - INFO - Scheduler started
2024-01-01 11:27:07,405 - INFO - Adding job tentatively -- it will be properly scheduled when the scheduler starts
2024-01-01 11:27:07,405 - INFO - Added job "delete_expired_files" to job store "default"
2024-01-01 11:27:07,405 - INFO - Scheduler started
2024-01-01 11:28:35,599 - INFO - Adding job tentatively -- it will be properly scheduled when the scheduler starts
2024-01-01 11:28:35,600 - INFO - Added job "delete_expired_files" to job store "default"
2024-01-01 11:28:35,600 - INFO - Scheduler started
2024-01-01 11:28:37,198 - INFO - Adding job tentatively -- it will be properly scheduled when the scheduler starts
2024-01-01 11:28:37,198 - INFO - Added job "delete_expired_files" to job store "default"
2024-01-01 11:28:37,198 - INFO - Scheduler started
2024-01-01 11:29:40,450 - INFO - Adding job tentatively -- it will be properly scheduled when the scheduler starts
2024-01-01 11:29:40,450 - INFO - Added job "delete_expired_files" to job store "default"
2024-01-01 11:29:40,450 - INFO - Scheduler started
2024-01-01 11:31:03,215 - INFO - Adding job tentatively -- it will be properly scheduled when the scheduler starts
2024-01-01 11:31:03,215 - INFO - Added job "delete_expired_files" to job store "default"
2024-01-01 11:31:03,215 - INFO - Scheduler started
2024-01-01 11:31:14,456 - INFO - Adding job tentatively -- it will be properly scheduled when the scheduler starts
2024-01-01 11:31:14,456 - INFO - Added job "delete_expired_files" to job store "default"
2024-01-01 11:31:14,456 - INFO - Scheduler started
2024-01-01 11:31:23,333 - INFO - Adding job tentatively -- it will be properly scheduled when the scheduler starts
2024-01-01 11:31:23,333 - INFO - Added job "delete_expired_files" to job store "default"
2024-01-01 11:31:23,333 - INFO - Scheduler started
2024-01-01 11:32:37,802 - INFO - Adding job tentatively -- it will be properly scheduled when the scheduler starts
2024-01-01 11:32:37,802 - INFO - Added job "delete_expired_files" to job store "default"
2024-01-01 11:32:37,802 - INFO - Scheduler started
2024-01-01 11:41:04,913 - INFO - Adding job tentatively -- it will be properly scheduled when the scheduler starts
2024-01-01 11:41:04,913 - INFO - Added job "delete_expired_files" to job store "default"
2024-01-01 11:41:04,913 - INFO - Scheduler started
2024-01-01 11:41:23,540 - INFO - Adding job tentatively -- it will be properly scheduled when the scheduler starts
2024-01-01 11:41:23,540 - INFO - Added job "delete_expired_files" to job store "default"
2024-01-01 11:41:23,540 - INFO - Scheduler started
2024-01-01 11:41:38,271 - INFO - Adding job tentatively -- it will be properly scheduled when the scheduler starts
2024-01-01 11:41:38,271 - INFO - Added job "delete_expired_files" to job store "default"
2024-01-01 11:41:38,271 - INFO - Scheduler started
2024-01-01 11:41:40,283 - INFO - Adding job tentatively -- it will be properly scheduled when the scheduler starts
2024-01-01 11:41:40,284 - INFO - Added job "delete_expired_files" to job store "default"
2024-01-01 11:41:40,284 - INFO - Scheduler started
2024-01-01 11:41:42,778 - INFO - Adding job tentatively -- it will be properly scheduled when the scheduler starts
2024-01-01 11:41:42,778 - INFO - Added job "delete_expired_files" to job store "default"
2024-01-01 11:41:42,778 - INFO - Scheduler started
2024-01-01 11:41:45,585 - INFO - Adding job tentatively -- it will be properly scheduled when the scheduler starts
2024-01-01 11:41:45,585 - INFO - Added job "delete_expired_files" to job store "default"
2024-01-01 11:41:45,585 - INFO - Scheduler started
2024-01-01 11:41:53,813 - INFO - Adding job tentatively -- it will be properly scheduled when the scheduler starts
2024-01-01 11:41:53,816 - INFO - Added job "delete_expired_files" to job store "default"
2024-01-01 11:41:53,816 - INFO - Scheduler started
2024-01-01 11:42:05,132 - INFO - Adding job tentatively -- it will be properly scheduled when the scheduler starts
2024-01-01 11:42:05,132 - INFO - Added job "delete_expired_files" to job store "default"
2024-01-01 11:42:05,132 - INFO - Scheduler started
2024-01-01 11:44:19,463 - INFO - Adding job tentatively -- it will be properly scheduled when the scheduler starts
2024-01-01 11:44:19,464 - INFO - Added job "delete_expired_files" to job store "default"
2024-01-01 11:44:19,464 - INFO - Scheduler started
2024-01-01 11:45:05,424 - INFO - User from authenticate_user: <main.User object at 0x000002409D2EF2F0>
2024-01-01 11:45:40,308 - INFO - Saving file to path: C:\src\FASTapi\folder\b6f3d7e6130dcfff.png
2024-01-01 11:45:40,311 - INFO - File saved successfully
2024-01-01 11:46:14,773 - INFO - Attempting to delete file from path: C:\src\FASTapi\folder\b6f3d7e6130dcfff.png
2024-01-01 11:46:14,774 - INFO - File deleted from the server.
2024-01-01 11:47:25,696 - INFO - Saving file to path: C:\src\FASTapi\folder\d79513d0350497e6.png
2024-01-01 11:47:25,697 - INFO - File saved successfully
2024-01-01 11:48:39,561 - INFO - User from authenticate_user: <main.User object at 0x000002409D3525A0>
